
**************************************************************
 Geant4 version Name: geant4-11-04 [MT]   (5-December-2025)
                       Copyright : Geant4 Collaboration
                      References : NIM A 506 (2003), 250-303
                                 : IEEE-TNS 53 (2006), 270-278
                                 : NIM A 835 (2016), 186-225
                             WWW : http://geant4.org/
**************************************************************

[B1] AnalysisConfig initialized: runMode=StageA_NeutronPatch patchXY=50 um microThickness=30 um bnWt=1 znsWt=2
[DetectorConstruction] AnalysisConfig attached: mode=StageA_NeutronPatch patchXY=50 um microThickness=30 um bnWt=1 znsWt=2
[ActionInitialization] Build dispatcher actions. current runMode = StageA_NeutronPatch
[StageAPrimaryGeneratorAction] Initialized: particle=neutron energy=0.0253 eV direction=(0,0,-1)
[ModePrimaryGeneratorAction] Dispatcher initialized. current runMode = StageA_NeutronPatch
[ModeRunAction] Dispatcher initialized. current runMode = StageA_NeutronPatch
[ModeEventAction] Dispatcher initialized. current runMode = StageA_NeutronPatch
[ModeSteppingAction] Dispatcher initialized. current runMode = StageA_NeutronPatch
[StageAStackingAction] Initialized: secondary neutrons are kept; non-neutron secondaries are killed in Stage A
/run/verbose 1
/event/verbose 0
/tracking/verbose 0
/cfg/setRunMode StageA_NeutronPatch
[AnalysisMessenger] runMode set to StageA_NeutronPatch
/cfg/setWeightRatio 1 1.5
[AnalysisMessenger] weight ratio set to BN:ZnS = 1:1.5
/cfg/setPlacementFile /mnt/hgfs/Shared/B2/Input/placements/1-1.5/placement_f_0.64_0020.csv
[AnalysisMessenger] placementFilePath set to /mnt/hgfs/Shared/B2/Input/placements/1-1.5/placement_f_0.64_0020.csv ; useRandomPlacement=false
/run/initialize
[DetectorConstruction] Using BN:ZnS weight ratio = 1:1.5
[DetectorConstruction] Loading placement file: /mnt/hgfs/Shared/B2/Input/placements/1-1.5/placement_f_0.64_0020.csv
Checking overlaps for volume BN_ClipPV_2:2 (G4IntersectionSolid) ... OK! 
[Clip BN] center = (17.3459, 16.3192, 12.5) um  volume = 65.5503 um^3
Checking overlaps for volume BN_ClipPV_7:7 (G4IntersectionSolid) ... OK! 
[Clip BN] center = (-22.5, 22.4319, 12.5) um  volume = 65.5503 um^3
Checking overlaps for volume BN_ClipPV_19:19 (G4IntersectionSolid) ... OK! 
[Clip BN] center = (-20.7941, 12.8453, -12.5) um  volume = 65.5503 um^3
Checking overlaps for volume BN_ClipPV_48:48 (G4IntersectionSolid) ... OK! 
[Clip BN] center = (22.3925, 20.5755, -12.5) um  volume = 65.5503 um^3
Checking overlaps for volume BN_ClipPV_49:49 (G4IntersectionSolid) ... OK! 
[Clip BN] center = (-22.3379, -3.02084, -12.5) um  volume = 65.5503 um^3
Checking overlaps for volume BN_ClipPV_51:51 (G4IntersectionSolid) ... OK! 
[Clip BN] center = (5.5427, -5.84167, -12.5) um  volume = 65.5503 um^3
Checking overlaps for volume BN_ClipPV_57:57 (G4IntersectionSolid) ... OK! 
[Clip BN] center = (-13.4658, -3.32364, -12.5) um  volume = 65.5503 um^3
Checking overlaps for volume BN_ClipPV_58:58 (G4IntersectionSolid) ... OK! 
[Clip BN] center = (3.87631, 10.2933, -12.5) um  volume = 65.5503 um^3
Checking overlaps for volume BN_ClipPV_72:72 (G4IntersectionSolid) ... OK! 
[Clip BN] center = (-9.32274, -12.9541, -12.5) um  volume = 65.5503 um^3
Checking overlaps for volume BN_ClipPV_75:75 (G4IntersectionSolid) ... OK! 
[Clip BN] center = (-22.5, -14.5238, -12.5) um  volume = 65.5503 um^3
Checking overlaps for volume BN_ClipPV_100:100 (G4IntersectionSolid) ... OK! 
[Clip BN] center = (-0.203009, 19.2957, 12.5) um  volume = 65.5503 um^3
Checking overlaps for volume BN_ClipPV_126:126 (G4IntersectionSolid) ... OK! 
[Clip BN] center = (22.5, -10.5496, 12.5) um  volume = 65.5503 um^3
Checking overlaps for volume BN_ClipPV_133:133 (G4IntersectionSolid) ... OK! 
[Clip BN] center = (-8.99936, 22.5, 12.5) um  volume = 65.5503 um^3
Checking overlaps for volume BN_ClipPV_139:139 (G4IntersectionSolid) ... OK! 
[Clip BN] center = (12.254, -9.5995, -12.5) um  volume = 65.5503 um^3
Checking overlaps for volume BN_ClipPV_141:141 (G4IntersectionSolid) ... OK! 
[Clip BN] center = (-20.392, 4.29309, 12.5) um  volume = 65.5503 um^3
Checking overlaps for volume BN_ClipPV_145:145 (G4IntersectionSolid) ... OK! 
[Clip BN] center = (11.123, -13.0243, 12.5) um  volume = 65.5503 um^3
Checking overlaps for volume BN_ClipPV_172:172 (G4IntersectionSolid) ... OK! 
[Clip BN] center = (-7.29623, 13.5632, 12.5) um  volume = 65.5503 um^3
Checking overlaps for volume BN_ClipPV_175:175 (G4IntersectionSolid) ... OK! 
[Clip BN] center = (-15.86, -5.75766, 12.5) um  volume = 65.5503 um^3
Checking overlaps for volume BN_ClipPV_182:182 (G4IntersectionSolid) ... OK! 
[Clip BN] center = (-13.3267, -20.7041, -12.5) um  volume = 65.5503 um^3
Checking overlaps for volume BN_ClipPV_190:190 (G4IntersectionSolid) ... OK! 
[Clip BN] center = (13.939, 4.63837, 12.5) um  volume = 65.5503 um^3
Checking overlaps for volume BN_ClipPV_194:194 (G4IntersectionSolid) ... OK! 
[Clip BN] center = (1.17833, 6.60803, 12.5) um  volume = 65.5503 um^3
Checking overlaps for volume BN_ClipPV_211:211 (G4IntersectionSolid) ... OK! 
[Clip BN] center = (20.6907, -17.3206, 12.5) um  volume = 65.5503 um^3
Checking overlaps for volume BN_ClipPV_219:219 (G4IntersectionSolid) ... OK! 
[Clip BN] center = (22.5, 16.2896, 12.5) um  volume = 65.5503 um^3
Checking overlaps for volume BN_ClipPV_224:224 (G4IntersectionSolid) ... OK! 
[Clip BN] center = (18.7284, 3.04203, 12.5) um  volume = 65.5503 um^3
Checking overlaps for volume BN_ClipPV_239:239 (G4IntersectionSolid) ... OK! 
[Clip BN] center = (-10.9648, 9.15549, -12.5) um  volume = 65.5503 um^3
Checking overlaps for volume BN_ClipPV_245:245 (G4IntersectionSolid) ... OK! 
[Clip BN] center = (-20.7083, -9.83442, -12.5) um  volume = 65.5503 um^3
Checking overlaps for volume BN_ClipPV_257:257 (G4IntersectionSolid) ... OK! 
[Clip BN] center = (1.85969, -19.2952, 12.5) um  volume = 65.5503 um^3
Checking overlaps for volume BN_ClipPV_258:258 (G4IntersectionSolid) ... OK! 
[Clip BN] center = (3.91603, -9.10104, 12.5) um  volume = 65.5503 um^3
Checking overlaps for volume BN_ClipPV_260:260 (G4IntersectionSolid) ... OK! 
[Clip BN] center = (9.87752, -4.27772, 12.5) um  volume = 65.5503 um^3
Checking overlaps for volume BN_ClipPV_262:262 (G4IntersectionSolid) ... OK! 
[Clip BN] center = (11.8085, 11.5442, 12.5) um  volume = 65.5503 um^3
Checking overlaps for volume BN_ClipPV_273:273 (G4IntersectionSolid) ... OK! 
[Clip BN] center = (22.5, 6.35498, 12.5) um  volume = 65.5503 um^3
Checking overlaps for volume BN_ClipPV_281:281 (G4IntersectionSolid) ... OK! 
[Clip BN] center = (-2.62692, -2.09751, 12.5) um  volume = 65.5503 um^3
Checking overlaps for volume BN_ClipPV_292:292 (G4IntersectionSolid) ... OK! 
[Clip BN] center = (-8.68508, -4.93786, 12.5) um  volume = 65.5503 um^3
Checking overlaps for volume BN_ClipPV_307:307 (G4IntersectionSolid) ... OK! 
[Clip BN] center = (-13.6399, -19.852, 12.5) um  volume = 65.5503 um^3
Checking overlaps for volume BN_ClipPV_331:331 (G4IntersectionSolid) ... OK! 
[Clip BN] center = (1.73978, -4.57388, 12.5) um  volume = 65.5503 um^3
Checking overlaps for volume BN_ClipPV_332:332 (G4IntersectionSolid) ... OK! 
[Clip BN] center = (7.32235, 16.8157, 12.5) um  volume = 65.5503 um^3
Checking overlaps for volume BN_ClipPV_336:336 (G4IntersectionSolid) ... OK! 
[Clip BN] center = (-2.577, -11.8573, 12.5) um  volume = 65.5503 um^3
Checking overlaps for volume BN_ClipPV_355:355 (G4IntersectionSolid) ... OK! 
[Clip BN] center = (15.6151, 6.72335, -12.5) um  volume = 65.5503 um^3
Checking overlaps for volume BN_ClipPV_357:357 (G4IntersectionSolid) ... OK! 
[Clip BN] center = (-20.5568, -7.59058, 12.5) um  volume = 65.5503 um^3
Checking overlaps for volume BN_ClipPV_368:368 (G4IntersectionSolid) ... OK! 
[Clip BN] center = (12.1968, 10.5336, -12.5) um  volume = 65.5503 um^3
Checking overlaps for volume BN_ClipPV_377:377 (G4IntersectionSolid) ... OK! 
[Clip BN] center = (-10.6149, -10.4123, 12.5) um  volume = 65.5503 um^3
Checking overlaps for volume BN_ClipPV_390:390 (G4IntersectionSolid) ... OK! 
[Clip BN] center = (-2.56079, -12.0109, -12.5) um  volume = 65.5503 um^3
Checking overlaps for volume BN_ClipPV_394:394 (G4IntersectionSolid) ... OK! 
[Clip BN] center = (7.91595, 0.343169, 12.5) um  volume = 65.5503 um^3
Checking overlaps for volume BN_ClipPV_398:398 (G4IntersectionSolid) ... OK! 
[Clip BN] center = (-20.7313, 17.7338, 12.5) um  volume = 65.5503 um^3
Checking overlaps for volume BN_ClipPV_401:401 (G4IntersectionSolid) ... OK! 
[Clip BN] center = (5.09115, 18.9147, -12.5) um  volume = 65.5503 um^3
Checking overlaps for volume BN_ClipPV_408:408 (G4IntersectionSolid) ... OK! 
[Clip BN] center = (-10.4663, 17.4035, -12.5) um  volume = 65.5503 um^3

[DetectorConstruction] External placement loaded
  placement file            = /mnt/hgfs/Shared/B2/Input/placements/1-1.5/placement_f_0.64_0020.csv
  screen thickness          = 125 um
  local thickness           = 30 um
  patch XY                  = 50 um
  target BN:ZnS (wt)        = 1 : 1.5
  BN radius                 = 2.5 um
  ZnS radius                = 1 um
  BN pitch                  = 5 um
  ZnS pitch                 = 2 um
  safe margin XY            = 8 um
  void fraction             = 40 %
  placed BN spheres         = 414
  safe BN spheres           = 205
  placed ZnS spheres        = 4982
  clipped BN spheres        = 46
  clipped ZnS spheres       = 0
  achieved BN mass          = 5.69118e-08 g
  achieved ZnS mass         = 8.53524e-08 g
  achieved BN/ZnS mass      = 0.666786
  achieved ZnS/BN mass      = 1.49973
  phi achieved              = 0.639592
  [solid | binder | air] target   = 64 | 21.6 | 14.4
  [solid | binder | air] achieved = 63.9592 | 21.6245 | 14.4163
  min clipped BN volume     = 65.5503 um^3

 hInelastic QGSP_BIC_HP  Thresholds: 
    0) between BIC and BERT for p, n over the interval 1 to 1.5 GeV. 
    1) between BERT  and FTF/P over the interval 3 to 6 GeV. 
    2) between FTF/P and QGS/P over the interval 12 to 25 GeV. 
  -- quasiElastic: 1 for QGS  and 0 for FTF
@@@ G4ParticleHPInelasticData instantiated for particle neutron data directory variable is G4NEUTRONHPDATA pointing to /usr/local/geant4.11.4.0/share/Geant4/data/G4NDL4.7.1
NeutronHP: /Capture file for Z = 18, A = 36 is not found and NeutronHP will use /usr/local/geant4.11.4.0/share/Geant4/data/G4NDL4.7.1/Capture/CrossSection/18_37_Argon
NeutronHP: /Elastic file for Z = 18, A = 36 is not found and NeutronHP will use /usr/local/geant4.11.4.0/share/Geant4/data/G4NDL4.7.1/Elastic/CrossSection/18_37_Argon
NeutronHP: /Inelastic file for Z = 18, A = 36 is not found and NeutronHP will use /usr/local/geant4.11.4.0/share/Geant4/data/G4NDL4.7.1/Inelastic/CrossSection/18_37_Argon
NeutronHP: /Capture file for Z = 18, A = 38 is not found and NeutronHP will use /usr/local/geant4.11.4.0/share/Geant4/data/G4NDL4.7.1/Capture/CrossSection/18_39_Argon
NeutronHP: /Elastic file for Z = 18, A = 38 is not found and NeutronHP will use /usr/local/geant4.11.4.0/share/Geant4/data/G4NDL4.7.1/Elastic/CrossSection/18_39_Argon
NeutronHP: /Inelastic file for Z = 18, A = 38 is not found and NeutronHP will use /usr/local/geant4.11.4.0/share/Geant4/data/G4NDL4.7.1/Inelastic/CrossSection/18_39_Argon
/run/beamOn 100000
=======================================================================
======                 Electromagnetic Physics Parameters      ========
=======================================================================
LPM effect enabled                                 1
Enable creation and use of sampling tables         0
Apply cuts on all EM processes                     0
Use combined TransportationWithMsc                 Disabled
Use general process                                1
Enable linear polarisation for gamma               0
Enable photoeffect sampling below K-shell          1
Enable sampling of quantum entanglement            0
X-section factor for integral approach             0.8
Min kinetic energy for tables                      100 eV 
Max kinetic energy for tables                      100 TeV
Number of bins per decade of a table               20
Verbose level                                      1
Verbose level for worker thread                    0
Bremsstrahlung energy threshold above which 
  primary e+- is added to the list of secondary    100 TeV
Bremsstrahlung energy threshold above which primary
  muon/hadron is added to the list of secondary    100 TeV
Positron annihilation at rest model                AllisonPositronium
Enable 3 gamma annihilation on fly                 1
Lowest triplet kinetic energy                      1 MeV
Enable sampling of gamma linear polarisation       0
5D gamma conversion model type                     0
5D gamma conversion model on isolated ion          0
Use RiGe 5D e+e- pair production model by muons    0
Livermore data directory                           epics_2017
=======================================================================
======                 Ionisation Parameters                   ========
=======================================================================
Step function for e+-                              (0.2, 0.01 mm)
Step function for muons/hadrons                    (0.1, 0.05 mm)
Step function for light ions                       (0.1, 0.02 mm)
Step function for general ions                     (0.1, 0.001 mm)
Lowest e+e- kinetic energy                         100 eV 
Lowest muon/hadron kinetic energy                  1 keV
Use ICRU90 data                                    1
Fluctuations of dE/dx are enabled                  1
Type of fluctuation model for leptons and hadrons  Urban
Use built-in Birks saturation                      0
Build CSDA range enabled                           0
Use cut as a final range enabled                   0
Enable angular generator interface                 1
Max kinetic energy for CSDA tables                 1 GeV
Max kinetic energy for NIEL computation            1 MeV
Linear loss limit                                  0.01
Read data from file for e+e- pair production by mu 0
=======================================================================
======                 Multiple Scattering Parameters          ========
=======================================================================
Type of msc step limit algorithm for e+-           2
Type of msc step limit algorithm for muons/hadrons 0
Msc lateral displacement for e+- enabled           1
Msc lateral displacement for muons and hadrons     1
Urban msc model lateral displacement alg96         1
Range factor for msc step limit for e+-            0.08
Range factor for msc step limit for muons/hadrons  0.2
Geometry factor for msc step limitation of e+-     2.5
Safety factor for msc step limit for e+-           0.6
Skin parameter for msc step limitation of e+-      3
Lambda limit for msc step limit for e+-            1 mm
Use Mott correction for e- scattering              1
Factor used for dynamic computation of angular 
  limit between single and multiple scattering     1
Fixed angular limit between single 
  and multiple scattering                          3.1416 rad
Upper energy limit for e+- multiple scattering     100 MeV
Type of electron single scattering model           0
Type of nuclear form-factor                        1
Screening factor                                   1
=======================================================================
======                 Atomic Deexcitation Parameters          ========
=======================================================================
Fluorescence enabled                               1
Directory in G4LEDATA for fluorescence data files  fluor
Auger electron cascade enabled                     0
PIXE atomic de-excitation enabled                  0
De-excitation module ignores cuts                  0
Type of PIXE cross section for hadrons             Empirical
Type of PIXE cross section for e+-                 Livermore
=======================================================================

### ===  Deexcitation model UAtomDeexcitation is activated for 1 region:
          DefaultRegionForTheWorld  1  0  0
### ===  Ignore cuts flag:   0

phot:  for gamma SubType=12 BuildTable=0
      LambdaPrime table from 200 keV to 100 TeV in 174 bins 
      ===== EM models for the G4Region  DefaultRegionForTheWorld ======
 LivermorePhElectric : Emin=    0 eV  Emax=  100 TeV  SauterGavrila Fluo

compt:  for gamma SubType=13 BuildTable=1
      Lambda table from 100 eV  to 1 MeV, 20 bins/decade, spline: 1
      LambdaPrime table from 1 MeV to 100 TeV in 160 bins 
      ===== EM models for the G4Region  DefaultRegionForTheWorld ======
   LowEPComptonModel : Emin=    0 eV  Emax=   20 MeV Fluo
        KleinNishina : Emin=   20 MeV Emax=  100 TeV Fluo

conv:  for gamma SubType=14 BuildTable=1
      Lambda table from 1.022 MeV to 100 TeV, 20 bins/decade, spline: 1
      ===== EM models for the G4Region  DefaultRegionForTheWorld ======
      BetheHeitler5D : Emin=    0 eV  Emax=  100 TeV  ModifiedTsai

Rayl:  for gamma SubType=11 BuildTable=1
      Lambda table from 100 eV  to 150 keV, 20 bins/decade, spline: 0
      LambdaPrime table from 150 keV to 100 TeV in 176 bins 
      ===== EM models for the G4Region  DefaultRegionForTheWorld ======
   LivermoreRayleigh : Emin=    0 eV  Emax=  100 TeV  CullenGenerator

msc:  for e-  SubType= 10
      ===== EM models for the G4Region  DefaultRegionForTheWorld ======
  GoudsmitSaunderson : Emin=    0 eV  Emax=  100 MeV Nbins=120 100 eV  - 100 MeV
          StepLim=SafetyPlus Rfact=0.08 Gfact=2.5 Sfact=0.6 DispFlag:1 Skin=3 Llim=1 mm
        WentzelVIUni : Emin=  100 MeV Emax=  100 TeV Nbins=120 100 MeV - 100 TeV
          StepLim=SafetyPlus Rfact=0.08 Gfact=2.5 Sfact=0.6 DispFlag:1 Skin=3 Llim=1 mm

eIoni:  for e-  XStype:3  SubType=2
      dE/dx and range tables from 100 eV  to 100 TeV in 240 bins
      Lambda tables from threshold to 100 TeV, 20 bins/decade, spline: 1
      StepFunction=(0.2, 0.01 mm), integ: 3, fluct: 1, linLossLim= 0.01
      ===== EM models for the G4Region  DefaultRegionForTheWorld ======
             PenIoni : Emin=    0 eV  Emax=  100 keV
        MollerBhabha : Emin=  100 keV Emax=  100 TeV  deltaVI

eBrem:  for e-  XStype:4  SubType=3
      dE/dx and range tables from 100 eV  to 100 TeV in 240 bins
      Lambda tables from threshold to 100 TeV, 20 bins/decade, spline: 1
      LPM flag: 1 for E > 1 GeV,  VertexHighEnergyTh(GeV)= 100000
      ===== EM models for the G4Region  DefaultRegionForTheWorld ======
             eBremSB : Emin=    0 eV  Emax=    1 GeV  AngularGen2BS
            eBremLPM : Emin=    1 GeV Emax=  100 TeV  AngularGen2BS

ePairProd:  for e-  XStype:1  SubType=4
      dE/dx and range tables from 100 eV  to 100 TeV in 240 bins
      Lambda tables from threshold to 100 TeV, 20 bins/decade, spline: 0
      Sampling table 25x1001; from 0.1 GeV to 100 TeV 
      ===== EM models for the G4Region  DefaultRegionForTheWorld ======
           ePairProd : Emin=    0 eV  Emax=  100 TeV  ModifiedMephi

CoulombScat:  for e- XStype:1 SubType=1 BuildTable=1
      Lambda table from 100 MeV to 100 TeV, 20 bins/decade, spline: 0
      ThetaMin(p) < Theta(degree) < 180, pLimit(GeV^1)= 0.139531
      ===== EM models for the G4Region  DefaultRegionForTheWorld ======
  eCoulombScattering : Emin=  100 MeV Emax=  100 TeV

msc:  for e+  SubType= 10
      ===== EM models for the G4Region  DefaultRegionForTheWorld ======
  GoudsmitSaunderson : Emin=    0 eV  Emax=  100 MeV Nbins=120 100 eV  - 100 MeV
          StepLim=SafetyPlus Rfact=0.08 Gfact=2.5 Sfact=0.6 DispFlag:1 Skin=3 Llim=1 mm
        WentzelVIUni : Emin=  100 MeV Emax=  100 TeV Nbins=120 100 MeV - 100 TeV
          StepLim=SafetyPlus Rfact=0.08 Gfact=2.5 Sfact=0.6 DispFlag:1 Skin=3 Llim=1 mm

eIoni:  for e+  XStype:3  SubType=2
      dE/dx and range tables from 100 eV  to 100 TeV in 240 bins
      Lambda tables from threshold to 100 TeV, 20 bins/decade, spline: 1
      StepFunction=(0.2, 0.01 mm), integ: 3, fluct: 1, linLossLim= 0.01
      ===== EM models for the G4Region  DefaultRegionForTheWorld ======
             PenIoni : Emin=    0 eV  Emax=  100 keV
        MollerBhabha : Emin=  100 keV Emax=  100 TeV  deltaVI

eBrem:  for e+  XStype:4  SubType=3
      dE/dx and range tables from 100 eV  to 100 TeV in 240 bins
      Lambda tables from threshold to 100 TeV, 20 bins/decade, spline: 1
      LPM flag: 1 for E > 1 GeV,  VertexHighEnergyTh(GeV)= 100000
      ===== EM models for the G4Region  DefaultRegionForTheWorld ======
             eBremSB : Emin=    0 eV  Emax=    1 GeV  AngularGen2BS
            eBremLPM : Emin=    1 GeV Emax=  100 TeV  AngularGen2BS

ePairProd:  for e+  XStype:1  SubType=4
      dE/dx and range tables from 100 eV  to 100 TeV in 240 bins
      Lambda tables from threshold to 100 TeV, 20 bins/decade, spline: 0
      Sampling table 25x1001; from 0.1 GeV to 100 TeV 
      ===== EM models for the G4Region  DefaultRegionForTheWorld ======
           ePairProd : Emin=    0 eV  Emax=  100 TeV  ModifiedMephi

annihil:  for e+ XStype:2 SubType=5 AtRestModel:Allison BuildTable=0
      ===== EM models for the G4Region  DefaultRegionForTheWorld ======
    eplusTo2or3gamma : Emin=    0 eV  Emax=  100 TeV

CoulombScat:  for e+ XStype:1 SubType=1 BuildTable=1
      Lambda table from 100 MeV to 100 TeV, 20 bins/decade, spline: 0
      ThetaMin(p) < Theta(degree) < 180, pLimit(GeV^1)= 0.139531
      ===== EM models for the G4Region  DefaultRegionForTheWorld ======
  eCoulombScattering : Emin=  100 MeV Emax=  100 TeV

msc:  for proton  SubType= 10
      ===== EM models for the G4Region  DefaultRegionForTheWorld ======
        WentzelVIUni : Emin=    0 eV  Emax=  100 TeV Nbins=240 100 eV  - 100 TeV
          StepLim=Minimal Rfact=0.2 Gfact=2.5 Sfact=0.6 DispFlag:1 Skin=3 Llim=1 mm

hIoni:  for proton  XStype:3  SubType=2
      dE/dx and range tables from 100 eV  to 100 TeV in 240 bins
      Lambda tables from threshold to 100 TeV, 20 bins/decade, spline: 1
      StepFunction=(0.1, 0.05 mm), integ: 3, fluct: 1, linLossLim= 0.01
      ===== EM models for the G4Region  DefaultRegionForTheWorld ======
               Bragg : Emin=    0 eV  Emax=    2 MeV  deltaVI
          BetheBloch : Emin=    2 MeV Emax=  100 TeV  deltaVI

hBrems:  for proton  XStype:1  SubType=3
      dE/dx and range tables from 100 eV  to 100 TeV in 240 bins
      Lambda tables from threshold to 100 TeV, 20 bins/decade, spline: 1
      ===== EM models for the G4Region  DefaultRegionForTheWorld ======
               hBrem : Emin=    0 eV  Emax=  100 TeV  ModifiedMephi

hPairProd:  for proton  XStype:1  SubType=4
      dE/dx and range tables from 100 eV  to 100 TeV in 240 bins
      Lambda tables from threshold to 100 TeV, 20 bins/decade, spline: 1
      Sampling table 17x1001, from 7.50618 GeV to 100 TeV 
      ===== EM models for the G4Region  DefaultRegionForTheWorld ======
           hPairProd : Emin=    0 eV  Emax=  100 TeV  ModifiedMephi

CoulombScat:  for proton XStype:1 SubType=1 BuildTable=1
      Lambda table from threshold  to 100 TeV, 20 bins/decade, spline: 0
      ThetaMin(p) < Theta(degree) < 180, pLimit(GeV^1)= 0.139531
      ===== EM models for the G4Region  DefaultRegionForTheWorld ======
  eCoulombScattering : Emin=    0 eV  Emax=  100 TeV

nuclearStopping:  for proton SubType=8 BuildTable=0
      ===== EM models for the G4Region  DefaultRegionForTheWorld ======
   ICRU49NucStopping : Emin=    0 eV  Emax=    1 MeV

msc:  for GenericIon  SubType= 10
      ===== EM models for the G4Region  DefaultRegionForTheWorld ======
            UrbanMsc : Emin=    0 eV  Emax=  100 TeV
          StepLim=Minimal Rfact=0.2 Gfact=2.5 Sfact=0.6 DispFlag:1 Skin=3 Llim=1 mm

ionIoni:  for GenericIon  XStype:3  SubType=2
      dE/dx and range tables from 100 eV  to 100 TeV in 240 bins
      Lambda tables from threshold to 100 TeV, 20 bins/decade, spline: 1
      StepFunction=(0.1, 0.001 mm), integ: 3, fluct: 1, linLossLim= 0.02
      ===== EM models for the G4Region  DefaultRegionForTheWorld ======
    LindhardSorensen : Emin=    0 eV  Emax=  100 TeV  deltaVI

nuclearStopping:  for GenericIon SubType=8 BuildTable=0
      ===== EM models for the G4Region  DefaultRegionForTheWorld ======
   ICRU49NucStopping : Emin=    0 eV  Emax=    1 MeV

msc:  for alpha  SubType= 10
      ===== EM models for the G4Region  DefaultRegionForTheWorld ======
            UrbanMsc : Emin=    0 eV  Emax=  100 TeV
          StepLim=Minimal Rfact=0.2 Gfact=2.5 Sfact=0.6 DispFlag:1 Skin=3 Llim=1 mm

ionIoni:  for alpha  XStype:3  SubType=2
      dE/dx and range tables from 100 eV  to 100 TeV in 240 bins
      Lambda tables from threshold to 100 TeV, 20 bins/decade, spline: 1
      StepFunction=(0.1, 0.02 mm), integ: 3, fluct: 1, linLossLim= 0.02
      ===== EM models for the G4Region  DefaultRegionForTheWorld ======
            BraggIon : Emin=    0 eV  Emax=7.9452 MeV  deltaVI
          BetheBloch : Emin=7.9452 MeV Emax=  100 TeV  deltaVI

nuclearStopping:  for alpha SubType=8 BuildTable=0
      ===== EM models for the G4Region  DefaultRegionForTheWorld ======
   ICRU49NucStopping : Emin=    0 eV  Emax=    1 MeV

msc:  for anti_proton  SubType= 10
      ===== EM models for the G4Region  DefaultRegionForTheWorld ======
        WentzelVIUni : Emin=    0 eV  Emax=  100 TeV Nbins=240 100 eV  - 100 TeV
          StepLim=Minimal Rfact=0.2 Gfact=2.5 Sfact=0.6 DispFlag:1 Skin=3 Llim=1 mm

hIoni:  for anti_proton  XStype:3  SubType=2
      dE/dx and range tables from 100 eV  to 100 TeV in 240 bins
      Lambda tables from threshold to 100 TeV, 20 bins/decade, spline: 1
      StepFunction=(0.1, 0.05 mm), integ: 3, fluct: 1, linLossLim= 0.01
      ===== EM models for the G4Region  DefaultRegionForTheWorld ======
            ICRU73QO : Emin=    0 eV  Emax=    2 MeV  deltaVI
          BetheBloch : Emin=    2 MeV Emax=  100 TeV  deltaVI

hBrems:  for anti_proton  XStype:1  SubType=3
      dE/dx and range tables from 100 eV  to 100 TeV in 240 bins
      Lambda tables from threshold to 100 TeV, 20 bins/decade, spline: 1
      ===== EM models for the G4Region  DefaultRegionForTheWorld ======
               hBrem : Emin=    0 eV  Emax=  100 TeV  ModifiedMephi

hPairProd:  for anti_proton  XStype:1  SubType=4
      dE/dx and range tables from 100 eV  to 100 TeV in 240 bins
      Lambda tables from threshold to 100 TeV, 20 bins/decade, spline: 1
      Sampling table 17x1001, from 7.50618 GeV to 100 TeV 
      ===== EM models for the G4Region  DefaultRegionForTheWorld ======
           hPairProd : Emin=    0 eV  Emax=  100 TeV  ModifiedMephi

CoulombScat:  for anti_proton XStype:1 SubType=1 BuildTable=1
      Lambda table from threshold  to 100 TeV, 20 bins/decade, spline: 0
      ThetaMin(p) < Theta(degree) < 180, pLimit(GeV^1)= 0.139531
      ===== EM models for the G4Region  DefaultRegionForTheWorld ======
  eCoulombScattering : Emin=    0 eV  Emax=  100 TeV

msc:  for kaon+  SubType= 10
      ===== EM models for the G4Region  DefaultRegionForTheWorld ======
        WentzelVIUni : Emin=    0 eV  Emax=  100 TeV Nbins=240 100 eV  - 100 TeV
          StepLim=Minimal Rfact=0.2 Gfact=2.5 Sfact=0.6 DispFlag:1 Skin=3 Llim=1 mm

hIoni:  for kaon+  XStype:3  SubType=2
      dE/dx and range tables from 100 eV  to 100 TeV in 240 bins
      Lambda tables from threshold to 100 TeV, 20 bins/decade, spline: 1
      StepFunction=(0.1, 0.05 mm), integ: 3, fluct: 1, linLossLim= 0.01
      ===== EM models for the G4Region  DefaultRegionForTheWorld ======
               Bragg : Emin=    0 eV  Emax=1.05231 MeV  deltaVI
          BetheBloch : Emin=1.05231 MeV Emax=  100 TeV  deltaVI

hBrems:  for kaon+  XStype:1  SubType=3
      dE/dx and range tables from 100 eV  to 100 TeV in 240 bins
      Lambda tables from threshold to 100 TeV, 20 bins/decade, spline: 1
      ===== EM models for the G4Region  DefaultRegionForTheWorld ======
               hBrem : Emin=    0 eV  Emax=  100 TeV  ModifiedMephi

hPairProd:  for kaon+  XStype:1  SubType=4
      dE/dx and range tables from 100 eV  to 100 TeV in 240 bins
      Lambda tables from threshold to 100 TeV, 20 bins/decade, spline: 1
      Sampling table 18x1001, from 3.94942 GeV to 100 TeV 
      ===== EM models for the G4Region  DefaultRegionForTheWorld ======
           hPairProd : Emin=    0 eV  Emax=  100 TeV  ModifiedMephi

CoulombScat:  for kaon+ XStype:1 SubType=1 BuildTable=1
      Lambda table from threshold  to 100 TeV, 20 bins/decade, spline: 0
      ThetaMin(p) < Theta(degree) < 180, pLimit(GeV^1)= 0.139531
      ===== EM models for the G4Region  DefaultRegionForTheWorld ======
  eCoulombScattering : Emin=    0 eV  Emax=  100 TeV

msc:  for kaon-  SubType= 10
      ===== EM models for the G4Region  DefaultRegionForTheWorld ======
        WentzelVIUni : Emin=    0 eV  Emax=  100 TeV Nbins=240 100 eV  - 100 TeV
          StepLim=Minimal Rfact=0.2 Gfact=2.5 Sfact=0.6 DispFlag:1 Skin=3 Llim=1 mm

hIoni:  for kaon-  XStype:3  SubType=2
      dE/dx and range tables from 100 eV  to 100 TeV in 240 bins
      Lambda tables from threshold to 100 TeV, 20 bins/decade, spline: 1
      StepFunction=(0.1, 0.05 mm), integ: 3, fluct: 1, linLossLim= 0.01
      ===== EM models for the G4Region  DefaultRegionForTheWorld ======
            ICRU73QO : Emin=    0 eV  Emax=1.05231 MeV  deltaVI
          BetheBloch : Emin=1.05231 MeV Emax=  100 TeV  deltaVI

hBrems:  for kaon-  XStype:1  SubType=3
      dE/dx and range tables from 100 eV  to 100 TeV in 240 bins
      Lambda tables from threshold to 100 TeV, 20 bins/decade, spline: 1
      ===== EM models for the G4Region  DefaultRegionForTheWorld ======
               hBrem : Emin=    0 eV  Emax=  100 TeV  ModifiedMephi

hPairProd:  for kaon-  XStype:1  SubType=4
      dE/dx and range tables from 100 eV  to 100 TeV in 240 bins
      Lambda tables from threshold to 100 TeV, 20 bins/decade, spline: 1
      Sampling table 18x1001, from 3.94942 GeV to 100 TeV 
      ===== EM models for the G4Region  DefaultRegionForTheWorld ======
           hPairProd : Emin=    0 eV  Emax=  100 TeV  ModifiedMephi

CoulombScat:  for kaon- XStype:1 SubType=1 BuildTable=1
      Used Lambda table of kaon+
      ThetaMin(p) < Theta(degree) < 180, pLimit(GeV^1)= 0.139531
      ===== EM models for the G4Region  DefaultRegionForTheWorld ======
  eCoulombScattering : Emin=    0 eV  Emax=  100 TeV

msc:  for mu+  SubType= 10
      ===== EM models for the G4Region  DefaultRegionForTheWorld ======
        WentzelVIUni : Emin=    0 eV  Emax=  100 TeV Nbins=240 100 eV  - 100 TeV
          StepLim=Minimal Rfact=0.2 Gfact=2.5 Sfact=0.6 DispFlag:1 Skin=3 Llim=1 mm

muIoni:  for mu+  XStype:3  SubType=2
      dE/dx and range tables from 100 eV  to 100 TeV in 240 bins
      Lambda tables from threshold to 100 TeV, 20 bins/decade, spline: 1
      StepFunction=(0.1, 0.05 mm), integ: 3, fluct: 1, linLossLim= 0.01
      ===== EM models for the G4Region  DefaultRegionForTheWorld ======
               Bragg : Emin=    0 eV  Emax=  200 keV  deltaVI
        MuBetheBloch : Emin=  200 keV Emax=  100 TeV  deltaVI

muBrems:  for mu+  XStype:1  SubType=3
      dE/dx and range tables from 100 eV  to 100 TeV in 240 bins
      Lambda tables from threshold to 100 TeV, 20 bins/decade, spline: 1
      ===== EM models for the G4Region  DefaultRegionForTheWorld ======
              MuBrem : Emin=    0 eV  Emax=  100 TeV  ModifiedMephi

muPairProd:  for mu+  XStype:1  SubType=4
      dE/dx and range tables from 100 eV  to 100 TeV in 240 bins
      Lambda tables from threshold to 100 TeV, 20 bins/decade, spline: 1
      Sampling table 21x1001, from 0.85 GeV to 100 TeV 
      ===== EM models for the G4Region  DefaultRegionForTheWorld ======
          muPairProd : Emin=    0 eV  Emax=  100 TeV  ModifiedMephi

CoulombScat:  for mu+ XStype:1 SubType=1 BuildTable=1
      Lambda table from threshold  to 100 TeV, 20 bins/decade, spline: 0
      ThetaMin(p) < Theta(degree) < 180, pLimit(GeV^1)= 0.139531
      ===== EM models for the G4Region  DefaultRegionForTheWorld ======
  eCoulombScattering : Emin=    0 eV  Emax=  100 TeV

msc:  for mu-  SubType= 10
      ===== EM models for the G4Region  DefaultRegionForTheWorld ======
        WentzelVIUni : Emin=    0 eV  Emax=  100 TeV Nbins=240 100 eV  - 100 TeV
          StepLim=Minimal Rfact=0.2 Gfact=2.5 Sfact=0.6 DispFlag:1 Skin=3 Llim=1 mm

muIoni:  for mu-  XStype:3  SubType=2
      dE/dx and range tables from 100 eV  to 100 TeV in 240 bins
      Lambda tables from threshold to 100 TeV, 20 bins/decade, spline: 1
      StepFunction=(0.1, 0.05 mm), integ: 3, fluct: 1, linLossLim= 0.01
      ===== EM models for the G4Region  DefaultRegionForTheWorld ======
            ICRU73QO : Emin=    0 eV  Emax=  200 keV  deltaVI
        MuBetheBloch : Emin=  200 keV Emax=  100 TeV  deltaVI

muBrems:  for mu-  XStype:1  SubType=3
      dE/dx and range tables from 100 eV  to 100 TeV in 240 bins
      Lambda tables from threshold to 100 TeV, 20 bins/decade, spline: 1
      ===== EM models for the G4Region  DefaultRegionForTheWorld ======
              MuBrem : Emin=    0 eV  Emax=  100 TeV  ModifiedMephi

muPairProd:  for mu-  XStype:1  SubType=4
      dE/dx and range tables from 100 eV  to 100 TeV in 240 bins
      Lambda tables from threshold to 100 TeV, 20 bins/decade, spline: 1
      Sampling table 21x1001, from 0.85 GeV to 100 TeV 
      ===== EM models for the G4Region  DefaultRegionForTheWorld ======
          muPairProd : Emin=    0 eV  Emax=  100 TeV  ModifiedMephi

CoulombScat:  for mu- XStype:1 SubType=1 BuildTable=1
      Used Lambda table of mu+
      ThetaMin(p) < Theta(degree) < 180, pLimit(GeV^1)= 0.139531
      ===== EM models for the G4Region  DefaultRegionForTheWorld ======
  eCoulombScattering : Emin=    0 eV  Emax=  100 TeV
NeutronHP: /Capture file for Z = 18, A = 36 is not found and NeutronHP will use /usr/local/geant4.11.4.0/share/Geant4/data/G4NDL4.7.1/Capture/CrossSection/18_37_Argon
NeutronHP: /Elastic file for Z = 18, A = 36 is not found and NeutronHP will use /usr/local/geant4.11.4.0/share/Geant4/data/G4NDL4.7.1/Elastic/CrossSection/18_37_Argon
NeutronHP: /Inelastic file for Z = 18, A = 36 is not found and NeutronHP will use /usr/local/geant4.11.4.0/share/Geant4/data/G4NDL4.7.1/Inelastic/CrossSection/18_37_Argon
NeutronHP: /Capture file for Z = 18, A = 38 is not found and NeutronHP will use /usr/local/geant4.11.4.0/share/Geant4/data/G4NDL4.7.1/Capture/CrossSection/18_39_Argon
NeutronHP: /Elastic file for Z = 18, A = 38 is not found and NeutronHP will use /usr/local/geant4.11.4.0/share/Geant4/data/G4NDL4.7.1/Elastic/CrossSection/18_39_Argon
NeutronHP: /Inelastic file for Z = 18, A = 38 is not found and NeutronHP will use /usr/local/geant4.11.4.0/share/Geant4/data/G4NDL4.7.1/Inelastic/CrossSection/18_39_Argon
NeutronHP: /Elastic file for Z = 18, A = 36 is not found and NeutronHP will use /usr/local/geant4.11.4.0/share/Geant4/data/G4NDL4.7.1/Elastic/CrossSection/18_37_Argon
NeutronHP: /Elastic file for Z = 18, A = 38 is not found and NeutronHP will use /usr/local/geant4.11.4.0/share/Geant4/data/G4NDL4.7.1/Elastic/CrossSection/18_39_Argon

=======================================================
======       ParticleHP Physics Parameters     ========
=======================================================
 Use only photo-evaporation      0
 Skip missing isotopes           0
 Neglect Doppler                 0
 Do not adjust final state       0
 Produce fission fragments       0
 Use WendtFissionModel           0
 Use NRESP71Model                0
 Use DBRC                        0
 PHP use Poisson                 0
 PHP check                       1
 CHECK HP NAMES                  0
 Enable DEBUG                    0
 Use probability tables from     
=======================================================

@@@ G4ParticleHPInelastic instantiated for particle neutron/n    data directory is /usr/local/geant4.11.4.0/share/Geant4/data/G4NDL4.7.1/Inelastic

msc:  for pi+  SubType= 10
      ===== EM models for the G4Region  DefaultRegionForTheWorld ======
        WentzelVIUni : Emin=    0 eV  Emax=  100 TeV Nbins=240 100 eV  - 100 TeV
          StepLim=Minimal Rfact=0.2 Gfact=2.5 Sfact=0.6 DispFlag:1 Skin=3 Llim=1 mm

hIoni:  for pi+  XStype:3  SubType=2
      dE/dx and range tables from 100 eV  to 100 TeV in 240 bins
      Lambda tables from threshold to 100 TeV, 20 bins/decade, spline: 1
      StepFunction=(0.1, 0.05 mm), integ: 3, fluct: 1, linLossLim= 0.01
      ===== EM models for the G4Region  DefaultRegionForTheWorld ======
               Bragg : Emin=    0 eV  Emax=297.505 keV  deltaVI
          BetheBloch : Emin=297.505 keV Emax=  100 TeV  deltaVI

hBrems:  for pi+  XStype:1  SubType=3
      dE/dx and range tables from 100 eV  to 100 TeV in 240 bins
      Lambda tables from threshold to 100 TeV, 20 bins/decade, spline: 1
      ===== EM models for the G4Region  DefaultRegionForTheWorld ======
               hBrem : Emin=    0 eV  Emax=  100 TeV  ModifiedMephi

hPairProd:  for pi+  XStype:1  SubType=4
      dE/dx and range tables from 100 eV  to 100 TeV in 240 bins
      Lambda tables from threshold to 100 TeV, 20 bins/decade, spline: 1
      Sampling table 20x1001, from 1.11656 GeV to 100 TeV 
      ===== EM models for the G4Region  DefaultRegionForTheWorld ======
           hPairProd : Emin=    0 eV  Emax=  100 TeV  ModifiedMephi

CoulombScat:  for pi+ XStype:1 SubType=1 BuildTable=1
      Lambda table from threshold  to 100 TeV, 20 bins/decade, spline: 0
      ThetaMin(p) < Theta(degree) < 180, pLimit(GeV^1)= 0.139531
      ===== EM models for the G4Region  DefaultRegionForTheWorld ======
  eCoulombScattering : Emin=    0 eV  Emax=  100 TeV

msc:  for pi-  SubType= 10
      ===== EM models for the G4Region  DefaultRegionForTheWorld ======
        WentzelVIUni : Emin=    0 eV  Emax=  100 TeV Nbins=240 100 eV  - 100 TeV
          StepLim=Minimal Rfact=0.2 Gfact=2.5 Sfact=0.6 DispFlag:1 Skin=3 Llim=1 mm

hIoni:  for pi-  XStype:3  SubType=2
      dE/dx and range tables from 100 eV  to 100 TeV in 240 bins
      Lambda tables from threshold to 100 TeV, 20 bins/decade, spline: 1
      StepFunction=(0.1, 0.05 mm), integ: 3, fluct: 1, linLossLim= 0.01
      ===== EM models for the G4Region  DefaultRegionForTheWorld ======
            ICRU73QO : Emin=    0 eV  Emax=297.505 keV  deltaVI
          BetheBloch : Emin=297.505 keV Emax=  100 TeV  deltaVI

hBrems:  for pi-  XStype:1  SubType=3
      dE/dx and range tables from 100 eV  to 100 TeV in 240 bins
      Lambda tables from threshold to 100 TeV, 20 bins/decade, spline: 1
      ===== EM models for the G4Region  DefaultRegionForTheWorld ======
               hBrem : Emin=    0 eV  Emax=  100 TeV  ModifiedMephi

hPairProd:  for pi-  XStype:1  SubType=4
      dE/dx and range tables from 100 eV  to 100 TeV in 240 bins
      Lambda tables from threshold to 100 TeV, 20 bins/decade, spline: 1
      Sampling table 20x1001, from 1.11656 GeV to 100 TeV 
      ===== EM models for the G4Region  DefaultRegionForTheWorld ======
           hPairProd : Emin=    0 eV  Emax=  100 TeV  ModifiedMephi

CoulombScat:  for pi- XStype:1 SubType=1 BuildTable=1
      Used Lambda table of pi+
      ThetaMin(p) < Theta(degree) < 180, pLimit(GeV^1)= 0.139531
      ===== EM models for the G4Region  DefaultRegionForTheWorld ======
  eCoulombScattering : Emin=    0 eV  Emax=  100 TeV

====================================================================
                  HADRONIC PROCESSES SUMMARY (verbose level 1)
-----------------------------------------------------------------------
                           Hadronic Processes for GenericIon
  Process: ionInelastic
        Model:  Binary Light Ion Cascade: 0 eV /n ---> 6 GeV/n
        Model:                      FTFP: 3 GeV/n ---> 100 TeV/n
     Cr_sctns:  Glauber-Gribov Nucl-nucl: 0 eV  ---> 25.6 PeV
-----------------------------------------------------------------------
                           Hadronic Processes for He3
  Process: hadElastic
        Model:              hElasticLHEP: 0 eV /n ---> 100 TeV/n
     Cr_sctns:  Glauber-Gribov Nucl-nucl: 0 eV  ---> 25.6 PeV
  Process: He3Inelastic
        Model:  Binary Light Ion Cascade: 0 eV /n ---> 6 GeV/n
        Model:                      FTFP: 3 GeV/n ---> 100 TeV/n
     Cr_sctns:  Glauber-Gribov Nucl-nucl: 0 eV  ---> 25.6 PeV
-----------------------------------------------------------------------
                           Hadronic Processes for alpha
  Process: hadElastic
        Model:              hElasticLHEP: 0 eV /n ---> 100 TeV/n
     Cr_sctns:  Glauber-Gribov Nucl-nucl: 0 eV  ---> 25.6 PeV
  Process: alphaInelastic
        Model:  Binary Light Ion Cascade: 0 eV /n ---> 6 GeV/n
        Model:                      FTFP: 3 GeV/n ---> 100 TeV/n
     Cr_sctns:  Glauber-Gribov Nucl-nucl: 0 eV  ---> 25.6 PeV
-----------------------------------------------------------------------
                           Hadronic Processes for anti_He3
  Process: hadElastic
        Model:              hElasticLHEP: 0 eV /n ---> 100.1 MeV/n
        Model:              AntiAElastic: 100 MeV/n ---> 100 TeV/n
     Cr_sctns:              AntiAGlauber: 0 eV  ---> 25.6 PeV
  Process: anti_He3Inelastic
        Model:                      FTFP: 0 eV /n ---> 100 TeV/n
     Cr_sctns:              AntiAGlauber: 0 eV  ---> 25.6 PeV
  Process: hFritiofCaptureAtRest
-----------------------------------------------------------------------
                           Hadronic Processes for anti_alpha
  Process: hadElastic
        Model:              hElasticLHEP: 0 eV /n ---> 100.1 MeV/n
        Model:              AntiAElastic: 100 MeV/n ---> 100 TeV/n
     Cr_sctns:              AntiAGlauber: 0 eV  ---> 25.6 PeV
  Process: anti_alphaInelastic
        Model:                      FTFP: 0 eV /n ---> 100 TeV/n
     Cr_sctns:              AntiAGlauber: 0 eV  ---> 25.6 PeV
  Process: hFritiofCaptureAtRest
-----------------------------------------------------------------------
                           Hadronic Processes for anti_deuteron
  Process: hadElastic
        Model:              hElasticLHEP: 0 eV /n ---> 100.1 MeV/n
        Model:              AntiAElastic: 100 MeV/n ---> 100 TeV/n
     Cr_sctns:              AntiAGlauber: 0 eV  ---> 25.6 PeV
  Process: anti_deuteronInelastic
        Model:                      FTFP: 0 eV /n ---> 100 TeV/n
     Cr_sctns:              AntiAGlauber: 0 eV  ---> 25.6 PeV
  Process: hFritiofCaptureAtRest
-------------------------------------------------------------------------
                           Hadronic Processes for anti_hypertriton
  Process: hFritiofCaptureAtRest
-----------------------------------------------------------------------
                           Hadronic Processes for anti_lambda
  Process: hadElastic
        Model:              hElasticLHEP: 0 eV  ---> 100 TeV
     Cr_sctns:            Glauber-Gribov: 0 eV  ---> 100 TeV
  Process: anti_lambdaInelastic
        Model:                      QGSP: 12 GeV ---> 100 TeV
        Model:                      FTFP: 0 eV  ---> 25 GeV
     Cr_sctns:            Glauber-Gribov: 0 eV  ---> 100 TeV
  Process: hFritiofCaptureAtRest
-----------------------------------------------------------------------
                           Hadronic Processes for anti_neutron
  Process: hadElastic
        Model:              hElasticLHEP: 0 eV  ---> 100.1 MeV
        Model:              AntiAElastic: 100 MeV ---> 100 TeV
     Cr_sctns:              AntiAGlauber: 0 eV  ---> 25.6 PeV
  Process: anti_neutronInelastic
        Model:                      FTFP: 0 eV  ---> 100 TeV
     Cr_sctns:              AntiAGlauber: 0 eV  ---> 25.6 PeV
  Process: hFritiofCaptureAtRest
-----------------------------------------------------------------------
                           Hadronic Processes for anti_proton
  Process: hadElastic
        Model:              hElasticLHEP: 0 eV  ---> 100.1 MeV
        Model:              AntiAElastic: 100 MeV ---> 100 TeV
     Cr_sctns:              AntiAGlauber: 0 eV  ---> 25.6 PeV
  Process: anti_protonInelastic
        Model:                      FTFP: 0 eV  ---> 100 TeV
     Cr_sctns:              AntiAGlauber: 0 eV  ---> 25.6 PeV
  Process: hFritiofCaptureAtRest
-----------------------------------------------------------------------
                           Hadronic Processes for anti_triton
  Process: hadElastic
        Model:              hElasticLHEP: 0 eV /n ---> 100.1 MeV/n
        Model:              AntiAElastic: 100 MeV/n ---> 100 TeV/n
     Cr_sctns:              AntiAGlauber: 0 eV  ---> 25.6 PeV
  Process: anti_tritonInelastic
        Model:                      FTFP: 0 eV /n ---> 100 TeV/n
     Cr_sctns:              AntiAGlauber: 0 eV  ---> 25.6 PeV
  Process: hFritiofCaptureAtRest
-----------------------------------------------------------------------
                           Hadronic Processes for deuteron
  Process: hadElastic
        Model:              hElasticLHEP: 0 eV /n ---> 100 TeV/n
     Cr_sctns:  Glauber-Gribov Nucl-nucl: 0 eV  ---> 25.6 PeV
  Process: dInelastic
        Model:  Binary Light Ion Cascade: 0 eV /n ---> 6 GeV/n
        Model:                      FTFP: 3 GeV/n ---> 100 TeV/n
     Cr_sctns:  Glauber-Gribov Nucl-nucl: 0 eV  ---> 25.6 PeV
-----------------------------------------------------------------------
                           Hadronic Processes for kaon+
  Process: hadElastic
        Model:              hElasticLHEP: 0 eV  ---> 100 TeV
     Cr_sctns:            Glauber-Gribov: 0 eV  ---> 100 TeV
  Process: kaon+Inelastic
        Model:                      QGSP: 12 GeV ---> 100 TeV
        Model:                      FTFP: 3 GeV ---> 25 GeV
        Model:            BertiniCascade: 0 eV  ---> 6 GeV
     Cr_sctns:            Glauber-Gribov: 0 eV  ---> 100 TeV
-----------------------------------------------------------------------
                           Hadronic Processes for kaon-
  Process: hadElastic
        Model:              hElasticLHEP: 0 eV  ---> 100 TeV
     Cr_sctns:            Glauber-Gribov: 0 eV  ---> 100 TeV
  Process: kaon-Inelastic
        Model:                      QGSP: 12 GeV ---> 100 TeV
        Model:                      FTFP: 3 GeV ---> 25 GeV
        Model:            BertiniCascade: 0 eV  ---> 6 GeV
     Cr_sctns:            Glauber-Gribov: 0 eV  ---> 100 TeV
  Process: hBertiniCaptureAtRest
-----------------------------------------------------------------------
                           Hadronic Processes for lambda
  Process: hadElastic
        Model:              hElasticLHEP: 0 eV  ---> 100 TeV
     Cr_sctns:            Glauber-Gribov: 0 eV  ---> 100 TeV
  Process: lambdaInelastic
        Model:                      QGSP: 12 GeV ---> 100 TeV
        Model:                      FTFP: 3 GeV ---> 25 GeV
        Model:            BertiniCascade: 0 eV  ---> 6 GeV
     Cr_sctns:            Glauber-Gribov: 0 eV  ---> 100 TeV
-------------------------------------------------------------------------
                           Hadronic Processes for mu-
  Process: muMinusCaptureAtRest
-----------------------------------------------------------------------
                           Hadronic Processes for neutron
  Process: hadElastic
        Model:             hElasticCHIPS: 19.5 MeV ---> 100 TeV
        Model:          NeutronHPElastic: 0 eV  ---> 20 MeV
     Cr_sctns:        NeutronHPElasticXS: 0 eV  ---> 20 MeV
     Cr_sctns:        G4NeutronElasticXS: 0 eV  ---> 100 TeV
  Process: neutronInelastic
        Model:                      QGSP: 12 GeV ---> 100 TeV
        Model:                      FTFP: 3 GeV ---> 25 GeV
        Model:            BertiniCascade: 1 GeV ---> 6 GeV
        Model:            Binary Cascade: 19.9 MeV ---> 1.5 GeV
        Model:        NeutronHPInelastic: 0 eV  ---> 20 MeV
     Cr_sctns:      NeutronHPInelasticXS: 0 eV  ---> 20 MeV
     Cr_sctns:      G4NeutronInelasticXS: 0 eV  ---> 100 TeV
  Process: nCaptureHP
        Model:             nRadCaptureHP: 0 eV  ---> 100 TeV
     Cr_sctns:        NeutronHPCaptureXS: 0 eV  ---> 100 TeV
     Cr_sctns:        G4NeutronCaptureXS: 0 eV  ---> 100 TeV
  Process: nFissionHP
        Model:          NeutronHPFission: 0 eV  ---> 20 MeV
     Cr_sctns:        NeutronHPFissionXS: 0 eV  ---> 20 MeV
     Cr_sctns:                    ZeroXS: 0 eV  ---> 100 TeV
-----------------------------------------------------------------------
                           Hadronic Processes for pi+
  Process: hadElastic
        Model:           hElasticGlauber: 0 eV  ---> 100 TeV
     Cr_sctns:  BarashenkovGlauberGribov: 0 eV  ---> 100 TeV
  Process: pi+Inelastic
        Model:                      QGSP: 12 GeV ---> 100 TeV
        Model:                      FTFP: 3 GeV ---> 25 GeV
        Model:            BertiniCascade: 0 eV  ---> 6 GeV
     Cr_sctns:  BarashenkovGlauberGribov: 0 eV  ---> 100 TeV
-----------------------------------------------------------------------
                           Hadronic Processes for pi-
  Process: hadElastic
        Model:           hElasticGlauber: 0 eV  ---> 100 TeV
     Cr_sctns:  BarashenkovGlauberGribov: 0 eV  ---> 100 TeV
  Process: pi-Inelastic
        Model:                      QGSP: 12 GeV ---> 100 TeV
        Model:                      FTFP: 3 GeV ---> 25 GeV
        Model:            BertiniCascade: 0 eV  ---> 6 GeV
     Cr_sctns:  BarashenkovGlauberGribov: 0 eV  ---> 100 TeV
  Process: hBertiniCaptureAtRest
-----------------------------------------------------------------------
                           Hadronic Processes for proton
  Process: hadElastic
        Model:             hElasticCHIPS: 0 eV  ---> 100 TeV
     Cr_sctns:  BarashenkovGlauberGribov: 0 eV  ---> 100 TeV
  Process: protonInelastic
        Model:                      QGSP: 12 GeV ---> 100 TeV
        Model:                      FTFP: 3 GeV ---> 25 GeV
        Model:            BertiniCascade: 1 GeV ---> 6 GeV
        Model:            Binary Cascade: 0 eV  ---> 1.5 GeV
     Cr_sctns:  BarashenkovGlauberGribov: 0 eV  ---> 100 TeV
-----------------------------------------------------------------------
                           Hadronic Processes for sigma-
  Process: hadElastic
        Model:              hElasticLHEP: 0 eV  ---> 100 TeV
     Cr_sctns:            Glauber-Gribov: 0 eV  ---> 100 TeV
  Process: sigma-Inelastic
        Model:                      QGSP: 12 GeV ---> 100 TeV
        Model:                      FTFP: 3 GeV ---> 25 GeV
        Model:            BertiniCascade: 0 eV  ---> 6 GeV
     Cr_sctns:            Glauber-Gribov: 0 eV  ---> 100 TeV
  Process: hBertiniCaptureAtRest
-----------------------------------------------------------------------
                           Hadronic Processes for triton
  Process: hadElastic
        Model:              hElasticLHEP: 0 eV /n ---> 100 TeV/n
     Cr_sctns:  Glauber-Gribov Nucl-nucl: 0 eV  ---> 25.6 PeV
  Process: tInelastic
        Model:  Binary Light Ion Cascade: 0 eV /n ---> 6 GeV/n
        Model:                      FTFP: 3 GeV/n ---> 100 TeV/n
     Cr_sctns:  Glauber-Gribov Nucl-nucl: 0 eV  ---> 25.6 PeV
=======================================================================
======       Geant4 Native Pre-compound Model Parameters       ========
=======================================================================
Type of pre-compound model                          0
Type of pre-compound inverse x-section              1
Pre-compound model active                           1
Pre-compound excitation low energy                  0.1 MeV 
Pre-compound excitation high energy                 15 MeV 
Angular generator for pre-compound model            1
Use NeverGoBack option for pre-compound model       0
Use SoftCutOff option for pre-compound model        0
Use CEM transitions for pre-compound model          1
Use GNASH transitions for pre-compound model        0
Use HETC submodel for pre-compound model            0
=======================================================================
======       Nuclear De-excitation Module Parameters           ========
=======================================================================
Type of de-excitation inverse x-section             3
Type of de-excitation factory                       Evaporation+GEM
Number of de-excitation channels                    68
Type of Fermi BreakUp model                         ModelVI
Min excitation energy                               0.01 keV 
Min energy per nucleon for multifragmentation       2e+05 MeV
Level density (1/MeV)                               0.075
Use simple level density model                      1
Use discrete excitation energy of the residual      0
Time limit for long lived isomeres                  1 ns 
Isomer production flag                              1
Internal e- conversion flag                         1
Store e- internal conversion data                   1
Correlated gamma emission flag                      0
Max 2J for sampling of angular correlations         10
=======================================================================

========= Table of registered couples ============================

Index : 0     used in the geometry : Yes
 Material : G4_Galactic
 Range cuts        :  gamma  1 um     e-  100 nm     e+  100 nm  proton 100 nm 
 Energy thresholds :  gamma  990 eV     e-  990 eV     e+  990 eV  proton 10 eV 
 Region(s) which use this couple : 
    DefaultRegionForTheWorld

Index : 1     used in the geometry : Yes
 Material : BinderVoidMix
 Range cuts        :  gamma  1 um     e-  100 nm     e+  100 nm  proton 100 nm 
 Energy thresholds :  gamma  990 eV     e-  990 eV     e+  990 eV  proton 10 eV 
 Region(s) which use this couple : 
    DefaultRegionForTheWorld

Index : 2     used in the geometry : Yes
 Material : BN_10B99p15
 Range cuts        :  gamma  1 um     e-  100 nm     e+  100 nm  proton 100 nm 
 Energy thresholds :  gamma  990 eV     e-  990 eV     e+  990 eV  proton 10 eV 
 Region(s) which use this couple : 
    DefaultRegionForTheWorld

Index : 3     used in the geometry : Yes
 Material : ZnS_Ag_0p1wt
 Range cuts        :  gamma  1 um     e-  100 nm     e+  100 nm  proton 100 nm 
 Energy thresholds :  gamma  990 eV     e-  990 eV     e+  990 eV  proton 10 eV 
 Region(s) which use this couple : 
    DefaultRegionForTheWorld

==================================================================

### Run 0 starts.
[StageARunAction] Begin run: runID=0 mode=StageA_NeutronPatch patchXY=50 um microThickness=30 um
[StageARunAction] Summary CSV: ../Output/stageA/1-1.5/neutron_transport_summary.csv
[StageARunAction] Progress print every 10000 incident neutrons
[StageA-primary-debug] eventID=0 x_um=-15.8835 y_um=4.00723 z_um=16
[StageA-step-debug] trackID=1 stepNo=1 preZ_um=16 postZ_um=15 stepLen_um=1
[StageA-step-debug] trackID=1 stepNo=2 preZ_um=15 postZ_um=14.0196 stepLen_um=0.980369
[StageA-step-debug] trackID=1 stepNo=3 preZ_um=14.0196 postZ_um=10.8824 stepLen_um=3.13726
[StageA-step-debug] trackID=1 stepNo=4 preZ_um=10.8824 postZ_um=9.96199 stepLen_um=0.920378
[StageA-step-debug] trackID=1 stepNo=5 preZ_um=9.96199 postZ_um=6.31628 stepLen_um=3.64571
[StageA-step-debug] trackID=1 stepNo=6 preZ_um=6.31628 postZ_um=5.14799 stepLen_um=1.16829
[StageA-step-debug] trackID=1 stepNo=7 preZ_um=5.14799 postZ_um=1.63349 stepLen_um=3.5145
[StageA-step-debug] trackID=1 stepNo=8 preZ_um=1.63349 postZ_um=1.04653 stepLen_um=0.586964
[StageA-step-debug] trackID=1 stepNo=9 preZ_um=1.04653 postZ_um=-0.742724 stepLen_um=1.78925
[StageA-step-debug] trackID=1 stepNo=10 preZ_um=-0.742724 postZ_um=-1.67359 stepLen_um=0.930864
[StageA-terminal-debug] proc=Transportation trackStatus=fStopAndKill stepNo=17 prePhase=outside postPhase=outside preZ_um=-15 postZ_um=-65 stepLen_um=50
[StageA-primary-debug] eventID=1 x_um=-11.8873 y_um=8.28459 z_um=16
[StageA-terminal-debug] proc=Transportation trackStatus=fStopAndKill stepNo=17 prePhase=outside postPhase=outside preZ_um=-15 postZ_um=-65 stepLen_um=50
[StageA-primary-debug] eventID=2 x_um=3.08515 y_um=12.0887 z_um=16
[StageA-terminal-debug] proc=Transportation trackStatus=fStopAndKill stepNo=21 prePhase=outside postPhase=outside preZ_um=-15 postZ_um=-65 stepLen_um=50
[StageA-primary-debug] eventID=3 x_um=-5.88799 y_um=12.957 z_um=16
[StageA-terminal-debug] proc=Transportation trackStatus=fStopAndKill stepNo=19 prePhase=outside postPhase=outside preZ_um=-15 postZ_um=-65 stepLen_um=50
[StageA-primary-debug] eventID=4 x_um=-3.00455 y_um=-3.32707 z_um=16
[StageA-terminal-debug] proc=Transportation trackStatus=fStopAndKill stepNo=23 prePhase=outside postPhase=outside preZ_um=-15 postZ_um=-65 stepLen_um=50
[StageA-terminal-debug] proc=Transportation trackStatus=fStopAndKill stepNo=19 prePhase=outside postPhase=outside preZ_um=-15 postZ_um=-65 stepLen_um=50
[StageA-terminal-debug] proc=Transportation trackStatus=fStopAndKill stepNo=19 prePhase=outside postPhase=outside preZ_um=-15 postZ_um=-65 stepLen_um=50
[StageA-terminal-debug] proc=Transportation trackStatus=fStopAndKill stepNo=17 prePhase=outside postPhase=outside preZ_um=-15 postZ_um=-65 stepLen_um=50
[StageA-terminal-debug] proc=Transportation trackStatus=fStopAndKill stepNo=27 prePhase=outside postPhase=outside preZ_um=-15 postZ_um=-65 stepLen_um=50
[StageA-terminal-debug] proc=Transportation trackStatus=fStopAndKill stepNo=21 prePhase=outside postPhase=outside preZ_um=-15 postZ_um=-65 stepLen_um=50
[StageA-terminal-debug] proc=Transportation trackStatus=fStopAndKill stepNo=21 prePhase=outside postPhase=outside preZ_um=-15 postZ_um=-65 stepLen_um=50
[StageA-terminal-debug] proc=Transportation trackStatus=fStopAndKill stepNo=21 prePhase=outside postPhase=outside preZ_um=-15 postZ_um=-65 stepLen_um=50
[StageA-terminal-debug] proc=Transportation trackStatus=fStopAndKill stepNo=19 prePhase=outside postPhase=outside preZ_um=-15 postZ_um=-65 stepLen_um=50
[StageA-terminal-debug] proc=Transportation trackStatus=fStopAndKill stepNo=21 prePhase=outside postPhase=outside preZ_um=-15 postZ_um=-65 stepLen_um=50
[StageA-terminal-debug] proc=Transportation trackStatus=fStopAndKill stepNo=25 prePhase=outside postPhase=outside preZ_um=-15 postZ_um=-65 stepLen_um=50
[StageA-terminal-debug] proc=Transportation trackStatus=fStopAndKill stepNo=29 prePhase=outside postPhase=outside preZ_um=-15 postZ_um=-65 stepLen_um=50
[StageA-terminal-debug] proc=Transportation trackStatus=fStopAndKill stepNo=21 prePhase=outside postPhase=outside preZ_um=-15 postZ_um=-65 stepLen_um=50
[StageA-terminal-debug] proc=Transportation trackStatus=fStopAndKill stepNo=25 prePhase=outside postPhase=outside preZ_um=-15 postZ_um=-65 stepLen_um=50
[StageA-terminal-debug] proc=Transportation trackStatus=fStopAndKill stepNo=17 prePhase=outside postPhase=outside preZ_um=-15 postZ_um=-65 stepLen_um=50
[StageA-terminal-debug] proc=Transportation trackStatus=fStopAndKill stepNo=15 prePhase=outside postPhase=outside preZ_um=-15 postZ_um=-65 stepLen_um=50
[StageA-terminal-debug] proc=Transportation trackStatus=fStopAndKill stepNo=23 prePhase=outside postPhase=outside preZ_um=-15 postZ_um=-65 stepLen_um=50
[StageA-terminal-debug] proc=Transportation trackStatus=fStopAndKill stepNo=19 prePhase=outside postPhase=outside preZ_um=-15 postZ_um=-65 stepLen_um=50
[StageA-terminal-debug] proc=Transportation trackStatus=fStopAndKill stepNo=21 prePhase=outside postPhase=outside preZ_um=-15 postZ_um=-65 stepLen_um=50
[StageA-terminal-debug] proc=Transportation trackStatus=fStopAndKill stepNo=19 prePhase=outside postPhase=outside preZ_um=-15 postZ_um=-65 stepLen_um=50
[StageA-terminal-debug] proc=Transportation trackStatus=fStopAndKill stepNo=17 prePhase=outside postPhase=outside preZ_um=-15 postZ_um=-65 stepLen_um=50
[StageA-terminal-debug] proc=Transportation trackStatus=fStopAndKill stepNo=25 prePhase=outside postPhase=outside preZ_um=-15 postZ_um=-65 stepLen_um=50
[StageA-terminal-debug] proc=Transportation trackStatus=fStopAndKill stepNo=23 prePhase=outside postPhase=outside preZ_um=-15 postZ_um=-65 stepLen_um=50
[StageA-terminal-debug] proc=Transportation trackStatus=fStopAndKill stepNo=27 prePhase=outside postPhase=outside preZ_um=-15 postZ_um=-65 stepLen_um=50
[StageA-terminal-debug] proc=Transportation trackStatus=fStopAndKill stepNo=19 prePhase=outside postPhase=outside preZ_um=-15 postZ_um=-65 stepLen_um=50
[StageA-terminal-debug] proc=Transportation trackStatus=fStopAndKill stepNo=19 prePhase=outside postPhase=outside preZ_um=-15 postZ_um=-65 stepLen_um=50
[StageA-capture-debug] proc=neutronInelastic stepNo=19 prePhase=BN postPhase=BN postZ_um=-6.21432
[StageA-progress] reason=capture incident=53 capture=1 track_um=1581.214 sigma_eff_per_um=0.001 elapsed_s=0.046
[StageA-capture-debug] proc=neutronInelastic stepNo=21 prePhase=BN postPhase=BN postZ_um=-11.504
[StageA-progress] reason=capture incident=87 capture=2 track_um=2597.718 sigma_eff_per_um=0.001 elapsed_s=0.070
[StageA-capture-debug] proc=neutronInelastic stepNo=17 prePhase=BN postPhase=BN postZ_um=-13.404
[StageA-progress] reason=capture incident=97 capture=3 track_um=2896.122 sigma_eff_per_um=0.001 elapsed_s=0.077
[StageA-capture-debug] proc=neutronInelastic stepNo=15 prePhase=BN postPhase=BN postZ_um=-1.718
[StageA-progress] reason=capture incident=132 capture=4 track_um=3932.840 sigma_eff_per_um=0.001 elapsed_s=0.103
[StageA-capture-debug] proc=neutronInelastic stepNo=21 prePhase=BN postPhase=BN postZ_um=-6.884
[StageA-progress] reason=capture incident=151 capture=5 track_um=4494.724 sigma_eff_per_um=0.001 elapsed_s=0.117
[StageA-capture-debug] proc=neutronInelastic stepNo=9 prePhase=BN postPhase=BN postZ_um=-1.845
[StageA-progress] reason=capture incident=159 capture=6 track_um=4721.569 sigma_eff_per_um=0.001 elapsed_s=0.124
[StageA-capture-debug] proc=neutronInelastic stepNo=11 prePhase=BN postPhase=BN postZ_um=4.260
[StageA-progress] reason=capture incident=161 capture=7 track_um=4762.309 sigma_eff_per_um=0.001 elapsed_s=0.125
[StageA-capture-debug] proc=neutronInelastic stepNo=17 prePhase=BN postPhase=BN postZ_um=-10.163
[StageA-progress] reason=capture incident=190 capture=8 track_um=5627.472 sigma_eff_per_um=0.001 elapsed_s=0.147
[StageA-capture-debug] proc=neutronInelastic stepNo=9 prePhase=BN postPhase=BN postZ_um=8.660
[StageA-progress] reason=capture incident=193 capture=9 track_um=5693.812 sigma_eff_per_um=0.002 elapsed_s=0.149
[StageA-capture-debug] proc=neutronInelastic stepNo=7 prePhase=BN postPhase=BN postZ_um=7.654
[StageA-progress] reason=capture incident=241 capture=10 track_um=7111.158 sigma_eff_per_um=0.001 elapsed_s=0.182
[StageA-progress] reason=incident incident=10000 capture=443 track_um=293805.010 sigma_eff_per_um=0.002 elapsed_s=6.666
[StageA-progress] reason=incident incident=20000 capture=875 track_um=587231.090 sigma_eff_per_um=0.001 elapsed_s=13.279
[StageA-progress] reason=incident incident=30000 capture=1339 track_um=880303.909 sigma_eff_per_um=0.002 elapsed_s=19.924
[StageA-progress] reason=incident incident=40000 capture=1810 track_um=1173265.697 sigma_eff_per_um=0.002 elapsed_s=26.525
[StageA-progress] reason=incident incident=50000 capture=2273 track_um=1466466.000 sigma_eff_per_um=0.002 elapsed_s=33.185
[StageA-progress] reason=incident incident=60000 capture=2741 track_um=1759378.002 sigma_eff_per_um=0.002 elapsed_s=39.816
[StageA-progress] reason=incident incident=70000 capture=3200 track_um=2052487.259 sigma_eff_per_um=0.002 elapsed_s=46.462
[StageA-progress] reason=incident incident=80000 capture=3642 track_um=2345778.041 sigma_eff_per_um=0.002 elapsed_s=53.106
[StageA-progress] reason=incident incident=90000 capture=4065 track_um=2639379.491 sigma_eff_per_um=0.002 elapsed_s=59.742
[StageA-progress] reason=incident incident=100000 capture=4539 track_um=2932219.390 sigma_eff_per_um=0.002 elapsed_s=66.360
 Run terminated.
Run Summary
  Number of events processed : 100000
  User=66.230000s Real=66.359598s Sys=0.000000s [Cpu=99.8%]
[StageA-progress] reason=final incident=100000 capture=4539 track_um=2932249.390 sigma_eff_per_um=0.002 elapsed_s=66.362

================ Stage A Summary ================
Run ID                   : 0
Run mode                 : StageA_NeutronPatch
Patch XY                 : 50.000 um
Micro thickness          : 30.000 um
Incident neutrons        : 100000
Capture count            : 4539
Total track length       : 2932249.390 um
Sigma_eff                : 0.002 1/um
Sigma_eff                : 15.480 1/cm
Capture probability/event: 0.045
CSV written to           : ../Output/stageA/1-1.5/neutron_transport_summary.csv
=================================================

================== Deleting memory pools ===================
Number of memory pools allocated: 10; of which, static: 0
Dynamic pools deleted: 10 / Total memory freed: 0.02 MB
============================================================
